<?xml version="1.0" encoding="UTF-8"?>
<!-- Generated by org.testng.reporters.JUnitReportReporter -->
<testsuite hostname="karrarraza123" failures="0" tests="3" name="steprunner.Runner" time="4.115" errors="3" timestamp="2026-01-22T15:23:34 IST" skipped="0">
  <testcase classname="steprunner.Runner" name="runScenario" time="1.872">
    <error message="The step &#039;User enters valid wronguser and admin123&#039; is undefined.
You can implement this step using the snippet(s) below:

@When(&quot;User enters valid wronguser and admin123&quot;)
public void user_enters_valid_wronguser_and_admin123() {
    // Write code here that turns the phrase above into concrete actions
    throw new io.cucumber.java.PendingException();
}
" type="io.cucumber.testng.UndefinedStepException">
      <![CDATA[io.cucumber.testng.UndefinedStepException: The step 'User enters valid wronguser and admin123' is undefined.
You can implement this step using the snippet(s) below:

@When("User enters valid wronguser and admin123")
public void user_enters_valid_wronguser_and_admin123() {
    // Write code here that turns the phrase above into concrete actions
    throw new io.cucumber.java.PendingException();
}

at ✽.User enters valid wronguser and admin123(file:///C:/Users/karra/eclipse-workspace/cucumber_Project/src/test/resources/Featuresfile/Datadriven.feature:5)
]]>
    </error>
  </testcase> <!-- runScenario -->
  <testcase classname="steprunner.Runner" name="runScenario" time="2.191">
    <error message="The step &#039;User enters valid admin and wrongpass&#039; is undefined.
You can implement this step using the snippet(s) below:

@When(&quot;User enters valid admin and wrongpass&quot;)
public void user_enters_valid_admin_and_wrongpass() {
    // Write code here that turns the phrase above into concrete actions
    throw new io.cucumber.java.PendingException();
}
" type="io.cucumber.testng.UndefinedStepException">
      <![CDATA[io.cucumber.testng.UndefinedStepException: The step 'User enters valid admin and wrongpass' is undefined.
You can implement this step using the snippet(s) below:

@When("User enters valid admin and wrongpass")
public void user_enters_valid_admin_and_wrongpass() {
    // Write code here that turns the phrase above into concrete actions
    throw new io.cucumber.java.PendingException();
}

at ✽.User enters valid admin and wrongpass(file:///C:/Users/karra/eclipse-workspace/cucumber_Project/src/test/resources/Featuresfile/Datadriven.feature:5)
]]>
    </error>
  </testcase> <!-- runScenario -->
  <testcase classname="steprunner.Runner" name="runScenario" time="0.052">
    <error message="Duplicate step definitions in stepdefinition.Data_daf.user_is_navigated_to_hpme_page() and stepdefinition.stepdef.user_is_navigated_to_hpme_page()" type="io.cucumber.core.runner.DuplicateStepDefinitionException">
      <![CDATA[io.cucumber.core.runner.DuplicateStepDefinitionException: Duplicate step definitions in stepdefinition.Data_daf.user_is_navigated_to_hpme_page() and stepdefinition.stepdef.user_is_navigated_to_hpme_page()
at io.cucumber.core.runner.CachingGlue.lambda$prepareGlue$3(CachingGlue.java:313)
at java.base/java.util.ArrayList.forEach(ArrayList.java:1604)
at io.cucumber.core.runner.CachingGlue.prepareGlue(CachingGlue.java:307)
at io.cucumber.core.runner.Runner.runPickle(Runner.java:71)
at io.cucumber.testng.TestNGCucumberRunner.lambda$runScenario$1(TestNGCucumberRunner.java:135)
at io.cucumber.core.runtime.CucumberExecutionContext.lambda$runTestCase$5(CucumberExecutionContext.java:136)
at io.cucumber.core.runtime.RethrowingThrowableCollector.executeAndThrow(RethrowingThrowableCollector.java:23)
at io.cucumber.core.runtime.CucumberExecutionContext.runTestCase(CucumberExecutionContext.java:136)
at io.cucumber.testng.TestNGCucumberRunner.runScenario(TestNGCucumberRunner.java:132)
at io.cucumber.testng.AbstractTestNGCucumberTests.runScenario(AbstractTestNGCucumberTests.java:35)
at java.base/jdk.internal.reflect.DirectMethodHandleAccessor.invoke(DirectMethodHandleAccessor.java:104)
at java.base/java.lang.reflect.Method.invoke(Method.java:565)
at org.testng.internal.invokers.MethodInvocationHelper.invokeMethod(MethodInvocationHelper.java:141)
at org.testng.internal.invokers.TestInvoker.invokeMethod(TestInvoker.java:687)
at org.testng.internal.invokers.TestInvoker.invokeTestMethod(TestInvoker.java:230)
at org.testng.internal.invokers.MethodRunner.runInSequence(MethodRunner.java:63)
at org.testng.internal.invokers.TestInvoker$MethodInvocationAgent.invoke(TestInvoker.java:995)
at org.testng.internal.invokers.TestInvoker.invokeTestMethods(TestInvoker.java:203)
at org.testng.internal.invokers.TestMethodWorker.invokeTestMethods(TestMethodWorker.java:154)
at org.testng.internal.invokers.TestMethodWorker.run(TestMethodWorker.java:134)
at java.base/java.util.ArrayList.forEach(ArrayList.java:1604)
at org.testng.TestRunner.privateRun(TestRunner.java:741)
at org.testng.TestRunner.run(TestRunner.java:616)
at org.testng.SuiteRunner.runTest(SuiteRunner.java:421)
at org.testng.SuiteRunner.runSequentially(SuiteRunner.java:413)
at org.testng.SuiteRunner.privateRun(SuiteRunner.java:373)
at org.testng.SuiteRunner.run(SuiteRunner.java:312)
at org.testng.SuiteRunnerWorker.runSuite(SuiteRunnerWorker.java:52)
at org.testng.SuiteRunnerWorker.run(SuiteRunnerWorker.java:95)
at org.testng.TestNG.runSuitesSequentially(TestNG.java:1274)
at org.testng.TestNG.runSuitesLocally(TestNG.java:1208)
at org.testng.TestNG.runSuites(TestNG.java:1112)
at org.testng.TestNG.run(TestNG.java:1079)
at org.testng.remote.AbstractRemoteTestNG.run(AbstractRemoteTestNG.java:115)
at org.testng.remote.RemoteTestNG.initAndRun(RemoteTestNG.java:293)
at org.testng.remote.RemoteTestNG.main(RemoteTestNG.java:91)
]]>
    </error>
  </testcase> <!-- runScenario -->
</testsuite> <!-- steprunner.Runner -->
