<?xml version="1.0" encoding="UTF-8"?>
<!-- Generated by org.testng.reporters.JUnitReportReporter -->
<testsuite hostname="karrarraza123" failures="0" tests="4" name="TESTNG.basics2" time="0.029" errors="0" timestamp="2026-01-21T09:42:03 IST" skipped="0">
  <testcase classname="TESTNG.basics2" name="fifth" time="0.019"/>
  <testcase classname="TESTNG.basics2" name="Sixth" time="0.002"/>
  <testcase classname="TESTNG.basics2" name="Seventh" time="0.004"/>
  <testcase classname="TESTNG.basics2" name="Eight" time="0.004"/>
</testsuite> <!-- TESTNG.basics2 -->
