<?xml version="1.0" encoding="UTF-8"?>
<!-- Generated by org.testng.reporters.JUnitReportReporter -->
<testsuite hostname="karrarraza123" failures="0" tests="4" name="TESTNG.basics" time="0.009" errors="0" timestamp="2026-01-21T09:42:03 IST" skipped="0">
  <testcase classname="TESTNG.basics" name="first" time="0.003"/>
  <testcase classname="TESTNG.basics" name="Second" time="0.001"/>
  <testcase classname="TESTNG.basics" name="Third" time="0.004"/>
  <testcase classname="TESTNG.basics" name="forth" time="0.001"/>
</testsuite> <!-- TESTNG.basics -->
